[0.005s] Invoking command in '/home/dss/ros2_ws/build/dss_ros2_bridge': CMAKE_PREFIX_PATH=/opt/ros/humble /usr/bin/cmake --build /home/dss/ros2_ws/build/dss_ros2_bridge -- -j24 -l24
[0.025s] Consolidate compiler generated dependencies of target dss_ros2_bridge__rosidl_generator_c
[0.028s] [  1%] Built target dss_ros2_bridge__cpp
[0.029s] [  7%] Built target dss_ros2_bridge__rosidl_generator_c
[0.032s] [  7%] Built target ament_cmake_python_copy_dss_ros2_bridge
[0.034s] Consolidate compiler generated dependencies of target dss_ros2_bridge__rosidl_typesupport_introspection_cpp
[0.034s] Consolidate compiler generated dependencies of target dss_ros2_bridge__rosidl_typesupport_fastrtps_cpp
[0.034s] Consolidate compiler generated dependencies of target dss_ros2_bridge__rosidl_typesupport_cpp
[0.034s] Consolidate compiler generated dependencies of target dss_ros2_bridge__rosidl_typesupport_fastrtps_c
[0.034s] Consolidate compiler generated dependencies of target dss_ros2_bridge__rosidl_typesupport_c
[0.035s] Consolidate compiler generated dependencies of target dss_ros2_bridge__rosidl_typesupport_introspection_c
[0.039s] [ 12%] Built target dss_ros2_bridge__rosidl_typesupport_fastrtps_cpp
[0.039s] [ 17%] Built target dss_ros2_bridge__rosidl_typesupport_introspection_cpp
[0.039s] [ 23%] Built target dss_ros2_bridge__rosidl_typesupport_fastrtps_c
[0.040s] [ 28%] Built target dss_ros2_bridge__rosidl_typesupport_introspection_c
[0.040s] [ 33%] Built target dss_ros2_bridge__rosidl_typesupport_cpp
[0.040s] [ 39%] Built target dss_ros2_bridge__rosidl_typesupport_c
[0.046s] Consolidate compiler generated dependencies of target DSSToROSImageNode
[0.046s] Consolidate compiler generated dependencies of target DSSToROSPointCloudNode
[0.048s] Consolidate compiler generated dependencies of target DSSToROSClockNode
[0.048s] Consolidate compiler generated dependencies of target DSSToROSIMUNode
[0.048s] Consolidate compiler generated dependencies of target DSSToROSGpsNode
[0.049s] Consolidate compiler generated dependencies of target DSSDemoNode
[0.051s] [ 42%] Building CXX object CMakeFiles/DSSToROSImageNode.dir/src/DSSToROSImage.cpp.o
[0.051s] [ 42%] Building CXX object CMakeFiles/DSSToROSPointCloudNode.dir/src/DSSToROSPointCloud.cpp.o
[0.053s] [ 44%] Building CXX object CMakeFiles/DSSToROSIMUNode.dir/src/DSSToROSIMU.cpp.o
[0.054s] [ 46%] Building CXX object CMakeFiles/DSSToROSGpsNode.dir/src/DSSToROSGps.cpp.o
[0.054s] [ 48%] Building CXX object CMakeFiles/DSSToROSClockNode.dir/src/DSSToROSClock.cpp.o
[0.055s] [ 57%] Built target DSSDemoNode
[0.067s] [ 57%] Built target dss_ros2_bridge
[0.078s] [ 58%] Built target dss_ros2_bridge__py
[0.083s] Consolidate compiler generated dependencies of target dss_ros2_bridge__rosidl_generator_py
[0.089s] [ 62%] Built target dss_ros2_bridge__rosidl_generator_py
[0.094s] Consolidate compiler generated dependencies of target dss_ros2_bridge__rosidl_typesupport_introspection_c__pyext
[0.094s] Consolidate compiler generated dependencies of target dss_ros2_bridge__rosidl_typesupport_fastrtps_c__pyext
[0.097s] Consolidate compiler generated dependencies of target dss_ros2_bridge__rosidl_typesupport_c__pyext
[0.100s] [ 66%] Built target dss_ros2_bridge__rosidl_typesupport_introspection_c__pyext
[0.101s] [ 69%] Built target dss_ros2_bridge__rosidl_typesupport_fastrtps_c__pyext
[0.105s] [ 73%] Built target dss_ros2_bridge__rosidl_typesupport_c__pyext
[0.147s] running egg_info
[0.148s] writing dss_ros2_bridge.egg-info/PKG-INFO
[0.148s] writing dependency_links to dss_ros2_bridge.egg-info/dependency_links.txt
[0.148s] writing top-level names to dss_ros2_bridge.egg-info/top_level.txt
[0.150s] reading manifest file 'dss_ros2_bridge.egg-info/SOURCES.txt'
[0.150s] writing manifest file 'dss_ros2_bridge.egg-info/SOURCES.txt'
[0.164s] [ 73%] Built target ament_cmake_python_build_dss_ros2_bridge_egg
[3.401s] [ 75%] Linking CXX executable DSSToROSClockNode
[3.432s] [ 76%] Linking CXX executable DSSToROSGpsNode
[3.505s] [ 78%] Linking CXX executable DSSToROSPointCloudNode
[3.618s] [ 82%] Built target DSSToROSClockNode
[3.648s] [ 85%] Built target DSSToROSGpsNode
[3.725s] [ 89%] Built target DSSToROSPointCloudNode
[3.937s] [ 91%] Linking CXX executable DSSToROSImageNode
[3.987s] [ 92%] Linking CXX executable DSSToROSIMUNode
[4.181s] [ 96%] Built target DSSToROSIMUNode
[4.316s] [100%] Built target DSSToROSImageNode
[4.321s] Invoked command in '/home/dss/ros2_ws/build/dss_ros2_bridge' returned '0': CMAKE_PREFIX_PATH=/opt/ros/humble /usr/bin/cmake --build /home/dss/ros2_ws/build/dss_ros2_bridge -- -j24 -l24
[4.326s] Invoking command in '/home/dss/ros2_ws/build/dss_ros2_bridge': CMAKE_PREFIX_PATH=/opt/ros/humble /usr/bin/cmake --install /home/dss/ros2_ws/build/dss_ros2_bridge
[4.329s] -- Install configuration: ""
[4.329s] -- Installing: /home/dss/ros2_ws/install/dss_ros2_bridge/share/ament_index/resource_index/rosidl_interfaces/dss_ros2_bridge
[4.329s] -- Installing: /home/dss/ros2_ws/install/dss_ros2_bridge/include/dss_ros2_bridge/dss_ros2_bridge
[4.329s] -- Installing: /home/dss/ros2_ws/install/dss_ros2_bridge/include/dss_ros2_bridge/dss_ros2_bridge/msg
[4.330s] -- Installing: /home/dss/ros2_ws/install/dss_ros2_bridge/include/dss_ros2_bridge/dss_ros2_bridge/msg/dss_control.h
[4.330s] -- Installing: /home/dss/ros2_ws/install/dss_ros2_bridge/include/dss_ros2_bridge/dss_ros2_bridge/msg/rosidl_generator_c__visibility_control.h
[4.330s] -- Installing: /home/dss/ros2_ws/install/dss_ros2_bridge/include/dss_ros2_bridge/dss_ros2_bridge/msg/detail
[4.330s] -- Installing: /home/dss/ros2_ws/install/dss_ros2_bridge/include/dss_ros2_bridge/dss_ros2_bridge/msg/detail/dss_control__struct.h
[4.330s] -- Installing: /home/dss/ros2_ws/install/dss_ros2_bridge/include/dss_ros2_bridge/dss_ros2_bridge/msg/detail/dss_control__functions.c
[4.330s] -- Installing: /home/dss/ros2_ws/install/dss_ros2_bridge/include/dss_ros2_bridge/dss_ros2_bridge/msg/detail/dss_control__type_support.h
[4.330s] -- Installing: /home/dss/ros2_ws/install/dss_ros2_bridge/include/dss_ros2_bridge/dss_ros2_bridge/msg/detail/dss_control__functions.h
[4.330s] -- Installing: /home/dss/ros2_ws/install/dss_ros2_bridge/share/dss_ros2_bridge/environment/library_path.sh
[4.330s] -- Installing: /home/dss/ros2_ws/install/dss_ros2_bridge/share/dss_ros2_bridge/environment/library_path.dsv
[4.330s] -- Installing: /home/dss/ros2_ws/install/dss_ros2_bridge/lib/libdss_ros2_bridge__rosidl_generator_c.so
[4.331s] -- Set runtime path of "/home/dss/ros2_ws/install/dss_ros2_bridge/lib/libdss_ros2_bridge__rosidl_generator_c.so" to ""
[4.331s] -- Up-to-date: /home/dss/ros2_ws/install/dss_ros2_bridge/include/dss_ros2_bridge/dss_ros2_bridge
[4.331s] -- Up-to-date: /home/dss/ros2_ws/install/dss_ros2_bridge/include/dss_ros2_bridge/dss_ros2_bridge/msg
[4.331s] -- Installing: /home/dss/ros2_ws/install/dss_ros2_bridge/include/dss_ros2_bridge/dss_ros2_bridge/msg/rosidl_typesupport_fastrtps_c__visibility_control.h
[4.331s] -- Up-to-date: /home/dss/ros2_ws/install/dss_ros2_bridge/include/dss_ros2_bridge/dss_ros2_bridge/msg/detail
[4.331s] -- Installing: /home/dss/ros2_ws/install/dss_ros2_bridge/include/dss_ros2_bridge/dss_ros2_bridge/msg/detail/dss_control__rosidl_typesupport_fastrtps_c.h
[4.331s] -- Installing: /home/dss/ros2_ws/install/dss_ros2_bridge/lib/libdss_ros2_bridge__rosidl_typesupport_fastrtps_c.so
[4.331s] -- Set runtime path of "/home/dss/ros2_ws/install/dss_ros2_bridge/lib/libdss_ros2_bridge__rosidl_typesupport_fastrtps_c.so" to ""
[4.331s] -- Up-to-date: /home/dss/ros2_ws/install/dss_ros2_bridge/include/dss_ros2_bridge/dss_ros2_bridge
[4.331s] -- Up-to-date: /home/dss/ros2_ws/install/dss_ros2_bridge/include/dss_ros2_bridge/dss_ros2_bridge/msg
[4.332s] -- Up-to-date: /home/dss/ros2_ws/install/dss_ros2_bridge/include/dss_ros2_bridge/dss_ros2_bridge/msg/detail
[4.332s] -- Installing: /home/dss/ros2_ws/install/dss_ros2_bridge/include/dss_ros2_bridge/dss_ros2_bridge/msg/detail/dss_control__builder.hpp
[4.332s] -- Installing: /home/dss/ros2_ws/install/dss_ros2_bridge/include/dss_ros2_bridge/dss_ros2_bridge/msg/detail/dss_control__type_support.hpp
[4.332s] -- Installing: /home/dss/ros2_ws/install/dss_ros2_bridge/include/dss_ros2_bridge/dss_ros2_bridge/msg/detail/dss_control__struct.hpp
[4.332s] -- Installing: /home/dss/ros2_ws/install/dss_ros2_bridge/include/dss_ros2_bridge/dss_ros2_bridge/msg/detail/dss_control__traits.hpp
[4.332s] -- Installing: /home/dss/ros2_ws/install/dss_ros2_bridge/include/dss_ros2_bridge/dss_ros2_bridge/msg/dss_control.hpp
[4.332s] -- Installing: /home/dss/ros2_ws/install/dss_ros2_bridge/include/dss_ros2_bridge/dss_ros2_bridge/msg/rosidl_generator_cpp__visibility_control.hpp
[4.332s] -- Up-to-date: /home/dss/ros2_ws/install/dss_ros2_bridge/include/dss_ros2_bridge/dss_ros2_bridge
[4.332s] -- Up-to-date: /home/dss/ros2_ws/install/dss_ros2_bridge/include/dss_ros2_bridge/dss_ros2_bridge/msg
[4.332s] -- Installing: /home/dss/ros2_ws/install/dss_ros2_bridge/include/dss_ros2_bridge/dss_ros2_bridge/msg/rosidl_typesupport_fastrtps_cpp__visibility_control.h
[4.332s] -- Up-to-date: /home/dss/ros2_ws/install/dss_ros2_bridge/include/dss_ros2_bridge/dss_ros2_bridge/msg/detail
[4.332s] -- Installing: /home/dss/ros2_ws/install/dss_ros2_bridge/include/dss_ros2_bridge/dss_ros2_bridge/msg/detail/dds_fastrtps
[4.332s] -- Installing: /home/dss/ros2_ws/install/dss_ros2_bridge/include/dss_ros2_bridge/dss_ros2_bridge/msg/detail/dss_control__rosidl_typesupport_fastrtps_cpp.hpp
[4.332s] -- Installing: /home/dss/ros2_ws/install/dss_ros2_bridge/lib/libdss_ros2_bridge__rosidl_typesupport_fastrtps_cpp.so
[4.332s] -- Set runtime path of "/home/dss/ros2_ws/install/dss_ros2_bridge/lib/libdss_ros2_bridge__rosidl_typesupport_fastrtps_cpp.so" to ""
[4.332s] -- Up-to-date: /home/dss/ros2_ws/install/dss_ros2_bridge/include/dss_ros2_bridge/dss_ros2_bridge
[4.333s] -- Up-to-date: /home/dss/ros2_ws/install/dss_ros2_bridge/include/dss_ros2_bridge/dss_ros2_bridge/msg
[4.333s] -- Installing: /home/dss/ros2_ws/install/dss_ros2_bridge/include/dss_ros2_bridge/dss_ros2_bridge/msg/rosidl_typesupport_introspection_c__visibility_control.h
[4.333s] -- Up-to-date: /home/dss/ros2_ws/install/dss_ros2_bridge/include/dss_ros2_bridge/dss_ros2_bridge/msg/detail
[4.333s] -- Installing: /home/dss/ros2_ws/install/dss_ros2_bridge/include/dss_ros2_bridge/dss_ros2_bridge/msg/detail/dss_control__type_support.c
[4.333s] -- Installing: /home/dss/ros2_ws/install/dss_ros2_bridge/include/dss_ros2_bridge/dss_ros2_bridge/msg/detail/dss_control__rosidl_typesupport_introspection_c.h
[4.333s] -- Installing: /home/dss/ros2_ws/install/dss_ros2_bridge/lib/libdss_ros2_bridge__rosidl_typesupport_introspection_c.so
[4.333s] -- Set runtime path of "/home/dss/ros2_ws/install/dss_ros2_bridge/lib/libdss_ros2_bridge__rosidl_typesupport_introspection_c.so" to ""
[4.333s] -- Installing: /home/dss/ros2_ws/install/dss_ros2_bridge/lib/libdss_ros2_bridge__rosidl_typesupport_c.so
[4.333s] -- Set runtime path of "/home/dss/ros2_ws/install/dss_ros2_bridge/lib/libdss_ros2_bridge__rosidl_typesupport_c.so" to ""
[4.333s] -- Up-to-date: /home/dss/ros2_ws/install/dss_ros2_bridge/include/dss_ros2_bridge/dss_ros2_bridge
[4.333s] -- Up-to-date: /home/dss/ros2_ws/install/dss_ros2_bridge/include/dss_ros2_bridge/dss_ros2_bridge/msg
[4.333s] -- Up-to-date: /home/dss/ros2_ws/install/dss_ros2_bridge/include/dss_ros2_bridge/dss_ros2_bridge/msg/detail
[4.333s] -- Installing: /home/dss/ros2_ws/install/dss_ros2_bridge/include/dss_ros2_bridge/dss_ros2_bridge/msg/detail/dss_control__type_support.cpp
[4.333s] -- Installing: /home/dss/ros2_ws/install/dss_ros2_bridge/include/dss_ros2_bridge/dss_ros2_bridge/msg/detail/dss_control__rosidl_typesupport_introspection_cpp.hpp
[4.333s] -- Installing: /home/dss/ros2_ws/install/dss_ros2_bridge/lib/libdss_ros2_bridge__rosidl_typesupport_introspection_cpp.so
[4.333s] -- Set runtime path of "/home/dss/ros2_ws/install/dss_ros2_bridge/lib/libdss_ros2_bridge__rosidl_typesupport_introspection_cpp.so" to ""
[4.333s] -- Installing: /home/dss/ros2_ws/install/dss_ros2_bridge/lib/libdss_ros2_bridge__rosidl_typesupport_cpp.so
[4.333s] -- Set runtime path of "/home/dss/ros2_ws/install/dss_ros2_bridge/lib/libdss_ros2_bridge__rosidl_typesupport_cpp.so" to ""
[4.333s] -- Installing: /home/dss/ros2_ws/install/dss_ros2_bridge/share/dss_ros2_bridge/environment/pythonpath.sh
[4.333s] -- Installing: /home/dss/ros2_ws/install/dss_ros2_bridge/share/dss_ros2_bridge/environment/pythonpath.dsv
[4.333s] -- Installing: /home/dss/ros2_ws/install/dss_ros2_bridge/local/lib/python3.10/dist-packages/dss_ros2_bridge-1.0.0-py3.10.egg-info
[4.334s] -- Installing: /home/dss/ros2_ws/install/dss_ros2_bridge/local/lib/python3.10/dist-packages/dss_ros2_bridge-1.0.0-py3.10.egg-info/top_level.txt
[4.334s] -- Installing: /home/dss/ros2_ws/install/dss_ros2_bridge/local/lib/python3.10/dist-packages/dss_ros2_bridge-1.0.0-py3.10.egg-info/SOURCES.txt
[4.334s] -- Installing: /home/dss/ros2_ws/install/dss_ros2_bridge/local/lib/python3.10/dist-packages/dss_ros2_bridge-1.0.0-py3.10.egg-info/PKG-INFO
[4.334s] -- Installing: /home/dss/ros2_ws/install/dss_ros2_bridge/local/lib/python3.10/dist-packages/dss_ros2_bridge-1.0.0-py3.10.egg-info/dependency_links.txt
[4.334s] -- Installing: /home/dss/ros2_ws/install/dss_ros2_bridge/local/lib/python3.10/dist-packages/dss_ros2_bridge
[4.334s] -- Installing: /home/dss/ros2_ws/install/dss_ros2_bridge/local/lib/python3.10/dist-packages/dss_ros2_bridge/_dss_ros2_bridge_s.ep.rosidl_typesupport_introspection_c.c
[4.334s] -- Installing: /home/dss/ros2_ws/install/dss_ros2_bridge/local/lib/python3.10/dist-packages/dss_ros2_bridge/_dss_ros2_bridge_s.ep.rosidl_typesupport_c.c
[4.334s] -- Installing: /home/dss/ros2_ws/install/dss_ros2_bridge/local/lib/python3.10/dist-packages/dss_ros2_bridge/libdss_ros2_bridge__rosidl_generator_py.so
[4.334s] -- Installing: /home/dss/ros2_ws/install/dss_ros2_bridge/local/lib/python3.10/dist-packages/dss_ros2_bridge/_dss_ros2_bridge_s.ep.rosidl_typesupport_fastrtps_c.c
[4.334s] -- Installing: /home/dss/ros2_ws/install/dss_ros2_bridge/local/lib/python3.10/dist-packages/dss_ros2_bridge/__init__.py
[4.334s] -- Installing: /home/dss/ros2_ws/install/dss_ros2_bridge/local/lib/python3.10/dist-packages/dss_ros2_bridge/dss_ros2_bridge_s__rosidl_typesupport_fastrtps_c.cpython-310-x86_64-linux-gnu.so
[4.334s] -- Installing: /home/dss/ros2_ws/install/dss_ros2_bridge/local/lib/python3.10/dist-packages/dss_ros2_bridge/dss_ros2_bridge_s__rosidl_typesupport_introspection_c.cpython-310-x86_64-linux-gnu.so
[4.335s] -- Installing: /home/dss/ros2_ws/install/dss_ros2_bridge/local/lib/python3.10/dist-packages/dss_ros2_bridge/dss_ros2_bridge_s__rosidl_typesupport_c.cpython-310-x86_64-linux-gnu.so
[4.335s] -- Installing: /home/dss/ros2_ws/install/dss_ros2_bridge/local/lib/python3.10/dist-packages/dss_ros2_bridge/msg
[4.335s] -- Installing: /home/dss/ros2_ws/install/dss_ros2_bridge/local/lib/python3.10/dist-packages/dss_ros2_bridge/msg/_dss_control.py
[4.335s] -- Installing: /home/dss/ros2_ws/install/dss_ros2_bridge/local/lib/python3.10/dist-packages/dss_ros2_bridge/msg/__init__.py
[4.335s] -- Installing: /home/dss/ros2_ws/install/dss_ros2_bridge/local/lib/python3.10/dist-packages/dss_ros2_bridge/msg/_dss_control_s.c
[4.351s] Listing '/home/dss/ros2_ws/install/dss_ros2_bridge/local/lib/python3.10/dist-packages/dss_ros2_bridge'...
[4.351s] Compiling '/home/dss/ros2_ws/install/dss_ros2_bridge/local/lib/python3.10/dist-packages/dss_ros2_bridge/__init__.py'...
[4.351s] Listing '/home/dss/ros2_ws/install/dss_ros2_bridge/local/lib/python3.10/dist-packages/dss_ros2_bridge/msg'...
[4.351s] Compiling '/home/dss/ros2_ws/install/dss_ros2_bridge/local/lib/python3.10/dist-packages/dss_ros2_bridge/msg/__init__.py'...
[4.351s] Compiling '/home/dss/ros2_ws/install/dss_ros2_bridge/local/lib/python3.10/dist-packages/dss_ros2_bridge/msg/_dss_control.py'...
[4.354s] -- Installing: /home/dss/ros2_ws/install/dss_ros2_bridge/local/lib/python3.10/dist-packages/dss_ros2_bridge/dss_ros2_bridge_s__rosidl_typesupport_fastrtps_c.cpython-310-x86_64-linux-gnu.so
[4.354s] -- Set runtime path of "/home/dss/ros2_ws/install/dss_ros2_bridge/local/lib/python3.10/dist-packages/dss_ros2_bridge/dss_ros2_bridge_s__rosidl_typesupport_fastrtps_c.cpython-310-x86_64-linux-gnu.so" to ""
[4.354s] -- Installing: /home/dss/ros2_ws/install/dss_ros2_bridge/local/lib/python3.10/dist-packages/dss_ros2_bridge/dss_ros2_bridge_s__rosidl_typesupport_introspection_c.cpython-310-x86_64-linux-gnu.so
[4.354s] -- Set runtime path of "/home/dss/ros2_ws/install/dss_ros2_bridge/local/lib/python3.10/dist-packages/dss_ros2_bridge/dss_ros2_bridge_s__rosidl_typesupport_introspection_c.cpython-310-x86_64-linux-gnu.so" to ""
[4.354s] -- Installing: /home/dss/ros2_ws/install/dss_ros2_bridge/local/lib/python3.10/dist-packages/dss_ros2_bridge/dss_ros2_bridge_s__rosidl_typesupport_c.cpython-310-x86_64-linux-gnu.so
[4.354s] -- Set runtime path of "/home/dss/ros2_ws/install/dss_ros2_bridge/local/lib/python3.10/dist-packages/dss_ros2_bridge/dss_ros2_bridge_s__rosidl_typesupport_c.cpython-310-x86_64-linux-gnu.so" to ""
[4.354s] -- Installing: /home/dss/ros2_ws/install/dss_ros2_bridge/lib/libdss_ros2_bridge__rosidl_generator_py.so
[4.355s] -- Set runtime path of "/home/dss/ros2_ws/install/dss_ros2_bridge/lib/libdss_ros2_bridge__rosidl_generator_py.so" to ""
[4.355s] -- Installing: /home/dss/ros2_ws/install/dss_ros2_bridge/share/dss_ros2_bridge/msg/DssControl.idl
[4.355s] -- Installing: /home/dss/ros2_ws/install/dss_ros2_bridge/share/dss_ros2_bridge/msg/DssControl.msg
[4.355s] -- Installing: /home/dss/ros2_ws/install/dss_ros2_bridge/lib/dss_ros2_bridge/DSSToROSImageNode
[4.356s] -- Set runtime path of "/home/dss/ros2_ws/install/dss_ros2_bridge/lib/dss_ros2_bridge/DSSToROSImageNode" to ""
[4.356s] -- Installing: /home/dss/ros2_ws/install/dss_ros2_bridge/lib/dss_ros2_bridge/DSSToROSClockNode
[4.356s] -- Set runtime path of "/home/dss/ros2_ws/install/dss_ros2_bridge/lib/dss_ros2_bridge/DSSToROSClockNode" to ""
[4.356s] -- Installing: /home/dss/ros2_ws/install/dss_ros2_bridge/lib/dss_ros2_bridge/DSSToROSPointCloudNode
[4.357s] -- Set runtime path of "/home/dss/ros2_ws/install/dss_ros2_bridge/lib/dss_ros2_bridge/DSSToROSPointCloudNode" to ""
[4.357s] -- Installing: /home/dss/ros2_ws/install/dss_ros2_bridge/lib/dss_ros2_bridge/DSSToROSIMUNode
[4.358s] -- Set runtime path of "/home/dss/ros2_ws/install/dss_ros2_bridge/lib/dss_ros2_bridge/DSSToROSIMUNode" to ""
[4.358s] -- Installing: /home/dss/ros2_ws/install/dss_ros2_bridge/lib/dss_ros2_bridge/DSSToROSGpsNode
[4.359s] -- Set runtime path of "/home/dss/ros2_ws/install/dss_ros2_bridge/lib/dss_ros2_bridge/DSSToROSGpsNode" to ""
[4.359s] -- Installing: /home/dss/ros2_ws/install/dss_ros2_bridge/lib/dss_ros2_bridge/DSSDemoNode
[4.362s] -- Set runtime path of "/home/dss/ros2_ws/install/dss_ros2_bridge/lib/dss_ros2_bridge/DSSDemoNode" to ""
[4.362s] -- Installing: /home/dss/ros2_ws/install/dss_ros2_bridge/lib/dss_ros2_bridge/libdss_ros2_bridge__rosidl_typesupport_cpp.so
[4.362s] -- Set runtime path of "/home/dss/ros2_ws/install/dss_ros2_bridge/lib/dss_ros2_bridge/libdss_ros2_bridge__rosidl_typesupport_cpp.so" to ""
[4.362s] -- Up-to-date: /home/dss/ros2_ws/install/dss_ros2_bridge/share/dss_ros2_bridge/msg
[4.363s] -- Up-to-date: /home/dss/ros2_ws/install/dss_ros2_bridge/share/dss_ros2_bridge/msg/DssControl.msg
[4.363s] -- Installing: /home/dss/ros2_ws/install/dss_ros2_bridge/share/dss_ros2_bridge/msg/DssControl.msg:Zone.Identifier
[4.363s] -- Installing: /home/dss/ros2_ws/install/dss_ros2_bridge/share/dss_ros2_bridge/launch
[4.363s] -- Installing: /home/dss/ros2_ws/install/dss_ros2_bridge/share/dss_ros2_bridge/launch/__pycache__
[4.363s] -- Installing: /home/dss/ros2_ws/install/dss_ros2_bridge/share/dss_ros2_bridge/launch/__pycache__/launch.cpython-310.pyc
[4.363s] -- Installing: /home/dss/ros2_ws/install/dss_ros2_bridge/share/dss_ros2_bridge/launch/__pycache__/launch.cpython-310.pyc:Zone.Identifier
[4.363s] -- Installing: /home/dss/ros2_ws/install/dss_ros2_bridge/share/dss_ros2_bridge/launch/launch.py:Zone.Identifier
[4.363s] -- Installing: /home/dss/ros2_ws/install/dss_ros2_bridge/share/dss_ros2_bridge/launch/launch.py
[4.364s] -- Installing: /home/dss/ros2_ws/install/dss_ros2_bridge/share/ament_index/resource_index/package_run_dependencies/dss_ros2_bridge
[4.364s] -- Installing: /home/dss/ros2_ws/install/dss_ros2_bridge/share/ament_index/resource_index/parent_prefix_path/dss_ros2_bridge
[4.364s] -- Installing: /home/dss/ros2_ws/install/dss_ros2_bridge/share/dss_ros2_bridge/environment/ament_prefix_path.sh
[4.364s] -- Installing: /home/dss/ros2_ws/install/dss_ros2_bridge/share/dss_ros2_bridge/environment/ament_prefix_path.dsv
[4.364s] -- Installing: /home/dss/ros2_ws/install/dss_ros2_bridge/share/dss_ros2_bridge/environment/path.sh
[4.364s] -- Installing: /home/dss/ros2_ws/install/dss_ros2_bridge/share/dss_ros2_bridge/environment/path.dsv
[4.364s] -- Installing: /home/dss/ros2_ws/install/dss_ros2_bridge/share/dss_ros2_bridge/local_setup.bash
[4.364s] -- Installing: /home/dss/ros2_ws/install/dss_ros2_bridge/share/dss_ros2_bridge/local_setup.sh
[4.364s] -- Installing: /home/dss/ros2_ws/install/dss_ros2_bridge/share/dss_ros2_bridge/local_setup.zsh
[4.364s] -- Installing: /home/dss/ros2_ws/install/dss_ros2_bridge/share/dss_ros2_bridge/local_setup.dsv
[4.364s] -- Installing: /home/dss/ros2_ws/install/dss_ros2_bridge/share/dss_ros2_bridge/package.dsv
[4.365s] -- Installing: /home/dss/ros2_ws/install/dss_ros2_bridge/share/ament_index/resource_index/packages/dss_ros2_bridge
[4.365s] -- Installing: /home/dss/ros2_ws/install/dss_ros2_bridge/share/dss_ros2_bridge/cmake/export_dss_ros2_bridge__rosidl_generator_cExport.cmake
[4.365s] -- Installing: /home/dss/ros2_ws/install/dss_ros2_bridge/share/dss_ros2_bridge/cmake/export_dss_ros2_bridge__rosidl_generator_cExport-noconfig.cmake
[4.365s] -- Installing: /home/dss/ros2_ws/install/dss_ros2_bridge/share/dss_ros2_bridge/cmake/export_dss_ros2_bridge__rosidl_typesupport_fastrtps_cExport.cmake
[4.365s] -- Installing: /home/dss/ros2_ws/install/dss_ros2_bridge/share/dss_ros2_bridge/cmake/export_dss_ros2_bridge__rosidl_typesupport_fastrtps_cExport-noconfig.cmake
[4.365s] -- Installing: /home/dss/ros2_ws/install/dss_ros2_bridge/share/dss_ros2_bridge/cmake/export_dss_ros2_bridge__rosidl_generator_cppExport.cmake
[4.365s] -- Installing: /home/dss/ros2_ws/install/dss_ros2_bridge/share/dss_ros2_bridge/cmake/export_dss_ros2_bridge__rosidl_typesupport_fastrtps_cppExport.cmake
[4.365s] -- Installing: /home/dss/ros2_ws/install/dss_ros2_bridge/share/dss_ros2_bridge/cmake/export_dss_ros2_bridge__rosidl_typesupport_fastrtps_cppExport-noconfig.cmake
[4.365s] -- Installing: /home/dss/ros2_ws/install/dss_ros2_bridge/share/dss_ros2_bridge/cmake/dss_ros2_bridge__rosidl_typesupport_introspection_cExport.cmake
[4.365s] -- Installing: /home/dss/ros2_ws/install/dss_ros2_bridge/share/dss_ros2_bridge/cmake/dss_ros2_bridge__rosidl_typesupport_introspection_cExport-noconfig.cmake
[4.365s] -- Installing: /home/dss/ros2_ws/install/dss_ros2_bridge/share/dss_ros2_bridge/cmake/dss_ros2_bridge__rosidl_typesupport_cExport.cmake
[4.365s] -- Installing: /home/dss/ros2_ws/install/dss_ros2_bridge/share/dss_ros2_bridge/cmake/dss_ros2_bridge__rosidl_typesupport_cExport-noconfig.cmake
[4.366s] -- Installing: /home/dss/ros2_ws/install/dss_ros2_bridge/share/dss_ros2_bridge/cmake/dss_ros2_bridge__rosidl_typesupport_introspection_cppExport.cmake
[4.366s] -- Installing: /home/dss/ros2_ws/install/dss_ros2_bridge/share/dss_ros2_bridge/cmake/dss_ros2_bridge__rosidl_typesupport_introspection_cppExport-noconfig.cmake
[4.366s] -- Installing: /home/dss/ros2_ws/install/dss_ros2_bridge/share/dss_ros2_bridge/cmake/dss_ros2_bridge__rosidl_typesupport_cppExport.cmake
[4.366s] -- Installing: /home/dss/ros2_ws/install/dss_ros2_bridge/share/dss_ros2_bridge/cmake/dss_ros2_bridge__rosidl_typesupport_cppExport-noconfig.cmake
[4.366s] -- Installing: /home/dss/ros2_ws/install/dss_ros2_bridge/share/dss_ros2_bridge/cmake/export_dss_ros2_bridge__rosidl_generator_pyExport.cmake
[4.366s] -- Installing: /home/dss/ros2_ws/install/dss_ros2_bridge/share/dss_ros2_bridge/cmake/export_dss_ros2_bridge__rosidl_generator_pyExport-noconfig.cmake
[4.366s] -- Installing: /home/dss/ros2_ws/install/dss_ros2_bridge/share/dss_ros2_bridge/cmake/rosidl_cmake-extras.cmake
[4.366s] -- Installing: /home/dss/ros2_ws/install/dss_ros2_bridge/share/dss_ros2_bridge/cmake/ament_cmake_export_include_directories-extras.cmake
[4.367s] -- Installing: /home/dss/ros2_ws/install/dss_ros2_bridge/share/dss_ros2_bridge/cmake/ament_cmake_export_libraries-extras.cmake
[4.367s] -- Installing: /home/dss/ros2_ws/install/dss_ros2_bridge/share/dss_ros2_bridge/cmake/ament_cmake_export_targets-extras.cmake
[4.367s] -- Installing: /home/dss/ros2_ws/install/dss_ros2_bridge/share/dss_ros2_bridge/cmake/rosidl_cmake_export_typesupport_targets-extras.cmake
[4.367s] -- Installing: /home/dss/ros2_ws/install/dss_ros2_bridge/share/dss_ros2_bridge/cmake/ament_cmake_export_dependencies-extras.cmake
[4.367s] -- Installing: /home/dss/ros2_ws/install/dss_ros2_bridge/share/dss_ros2_bridge/cmake/rosidl_cmake_export_typesupport_libraries-extras.cmake
[4.367s] -- Installing: /home/dss/ros2_ws/install/dss_ros2_bridge/share/dss_ros2_bridge/cmake/dss_ros2_bridgeConfig.cmake
[4.367s] -- Installing: /home/dss/ros2_ws/install/dss_ros2_bridge/share/dss_ros2_bridge/cmake/dss_ros2_bridgeConfig-version.cmake
[4.367s] -- Installing: /home/dss/ros2_ws/install/dss_ros2_bridge/share/dss_ros2_bridge/package.xml
[4.367s] Invoked command in '/home/dss/ros2_ws/build/dss_ros2_bridge' returned '0': CMAKE_PREFIX_PATH=/opt/ros/humble /usr/bin/cmake --install /home/dss/ros2_ws/build/dss_ros2_bridge
